<?xml version="1.0" encoding="UTF-8"?>
<!-- Generated by org.testng.reporters.JUnitXMLReporter -->
<testsuite ignored="0" hostname="DESKTOP-77JFD19" failures="1" tests="2" name="Default test" time="19.639" errors="0" timestamp="2024-08-12T23:39:11 IST">
  <testcase classname="io.cucumber.testng.AbstractTestNGCucumberTests" name="runScenario" time="9.626"/>
  <testcase classname="io.cucumber.testng.AbstractTestNGCucumberTests" name="runScenario" time="9.337">
    <failure type="java.lang.NullPointerException" message="Cannot invoke &amp;quot;org.openqa.selenium.WebElement.findElement(org.openqa.selenium.By)&amp;quot; because &amp;quot;prod&amp;quot; is null">
      <![CDATA[java.lang.NullPointerException: Cannot invoke "org.openqa.selenium.WebElement.findElement(org.openqa.selenium.By)" because "prod" is null
at Srilatha.SeleniumFrameworkDesign.ProductCatalouge.addToCart(ProductCatalouge.java:52)
at Srilatha.SeleniumFrameworkDesign.StepDefination.StepDefinationImpl.I_add_productname_to_the_cart(StepDefinationImpl.java:39)
at ✽.I add productname <ProductName> to the cart(file:///C:/Users/intel/eclipse-workspace/SeleniumFrameworkDesign/src/test/java/cucumber/SumbitOrder.feature:11)
]]>
    </failure>
  </testcase> <!-- runScenario -->
</testsuite> <!-- Default test -->
