<?xml version="1.0" encoding="UTF-8"?>
<!-- Generated by org.testng.reporters.JUnitXMLReporter -->
<testsuite ignored="0" hostname="DESKTOP-77JFD19" failures="0" tests="2" name="ErrorValidationTest" time="54.987" errors="0" timestamp="2024-08-09T16:23:19 IST">
  <testcase classname="Srilatha.SeleniumFrameworkDesign.Tests.ErrorValidationTest" name="loginErrorValidation" time="1.089"/>
  <testcase classname="Srilatha.SeleniumFrameworkDesign.Tests.ErrorValidationTest" name="productErrorValidation" time="18.247"/>
</testsuite> <!-- ErrorValidationTest -->
