<?xml version="1.0" encoding="UTF-8"?>
<!-- Generated by org.testng.reporters.JUnitXMLReporter -->
<testsuite ignored="0" hostname="DESKTOP-77JFD19" failures="0" tests="2" name="SubmitOrderTest" time="123.801" errors="0" timestamp="2024-08-09T16:22:24 IST">
  <testcase classname="Srilatha.SeleniumFrameworkDesign.Tests.SubmitOrderTest" name="submitOrder" time="39.733"/>
  <testcase classname="Srilatha.SeleniumFrameworkDesign.Tests.SubmitOrderTest" name="submitOrder" time="32.589"/>
</testsuite> <!-- SubmitOrderTest -->
