<?xml version="1.0" encoding="UTF-8"?>
<!-- Generated by org.testng.reporters.JUnitXMLReporter -->
<testsuite ignored="0" hostname="DESKTOP-77JFD19" failures="1" tests="3" name="ErrorValidationTest" time="67.548" errors="0" timestamp="2024-08-09T19:24:09 IST">
  <testcase classname="Srilatha.SeleniumFrameworkDesign.Tests.ErrorValidationTest" name="loginErrorValidation" time="0.745">
    <skipped/>
  </testcase> <!-- loginErrorValidation -->
  <testcase classname="Srilatha.SeleniumFrameworkDesign.Tests.ErrorValidationTest" name="loginErrorValidation" time="0.666">
    <failure type="org.junit.ComparisonFailure" message="expected:&amp;lt;Incorrect email [] password.&amp;gt; but was:&amp;lt;Incorrect email [or] password.&amp;gt;">
      <![CDATA[org.junit.ComparisonFailure: expected:<Incorrect email [] password.> but was:<Incorrect email [or] password.>
at org.junit.Assert.assertEquals(Assert.java:115)
at org.junit.Assert.assertEquals(Assert.java:144)
at Srilatha.SeleniumFrameworkDesign.Tests.ErrorValidationTest.loginErrorValidation(ErrorValidationTest.java:31)
at java.base/java.util.ArrayList.forEach(ArrayList.java:1596)
... Removed 29 stack frames]]>
    </failure>
  </testcase> <!-- loginErrorValidation -->
  <testcase classname="Srilatha.SeleniumFrameworkDesign.Tests.ErrorValidationTest" name="productErrorValidation" time="14.48"/>
</testsuite> <!-- ErrorValidationTest -->
