<?xml version="1.0" encoding="UTF-8"?>
<!-- Generated by org.testng.reporters.JUnitXMLReporter -->
<testsuite ignored="0" hostname="DESKTOP-77JFD19" failures="0" tests="2" name="SubmitOrderTest" time="64.17" errors="0" timestamp="2024-08-09T19:23:01 IST">
  <testcase classname="Srilatha.SeleniumFrameworkDesign.Tests.SubmitOrderTest" name="submitOrder" time="20.74"/>
  <testcase classname="Srilatha.SeleniumFrameworkDesign.Tests.SubmitOrderTest" name="submitOrder" time="26.137"/>
</testsuite> <!-- SubmitOrderTest -->
