<?xml version="1.0" encoding="UTF-8"?>
<!-- Generated by org.testng.reporters.JUnitReportReporter -->
<testsuite hostname="DESKTOP-77JFD19" failures="0" tests="2" name="cucumber.TestNgTestRunner" time="18.963" errors="1" timestamp="2024-08-12T23:39:11 IST" skipped="0">
  <testcase classname="cucumber.TestNgTestRunner" name="runScenario" time="9.626"/>
  <system-out/>
  <testcase classname="cucumber.TestNgTestRunner" name="runScenario" time="9.337">
    <error message="Cannot invoke &quot;org.openqa.selenium.WebElement.findElement(org.openqa.selenium.By)&quot; because &quot;prod&quot; is null" type="java.lang.NullPointerException">
      <![CDATA[java.lang.NullPointerException: Cannot invoke "org.openqa.selenium.WebElement.findElement(org.openqa.selenium.By)" because "prod" is null
at Srilatha.SeleniumFrameworkDesign.ProductCatalouge.addToCart(ProductCatalouge.java:52)
at Srilatha.SeleniumFrameworkDesign.StepDefination.StepDefinationImpl.I_add_productname_to_the_cart(StepDefinationImpl.java:39)
at ✽.I add productname <ProductName> to the cart(file:///C:/Users/intel/eclipse-workspace/SeleniumFrameworkDesign/src/test/java/cucumber/SumbitOrder.feature:11)
]]>
    </error>
  </testcase> <!-- runScenario -->
  <system-out/>
</testsuite> <!-- cucumber.TestNgTestRunner -->
